<?xml version="1.0" encoding="UTF-8"?>
<!-- Generated by org.testng.reporters.JUnitReportReporter -->
<testsuite hostname="DESKTOP-H6H3NOO" failures="0" tests="1" name="Test.TestNGOfJioMart" time="33.003" errors="0" timestamp="2023-04-04T11:02:14 IST" skipped="0">
  <testcase classname="Test.TestNGOfJioMart" name="VerifyBakedCookiesProductPgeUrl" time="33.003"/>
  <system-out/>
</testsuite> <!-- Test.TestNGOfJioMart -->
