<?xml version="1.0" encoding="UTF-8"?>
<!-- Generated by org.testng.reporters.JUnitReportReporter -->
<testsuite hostname="DESKTOP-H6H3NOO" failures="0" tests="1" name="Test.TestNG" time="0.009" errors="0" timestamp="2023-03-21T12:09:52 IST" skipped="0">
  <testcase classname="Test.TestNG" name="test1" time="0.009"/>
  <system-out/>
</testsuite> <!-- Test.TestNG -->
